<?xml version="1.0" encoding="UTF-8"?>
<!-- Generated by org.testng.reporters.JUnitXMLReporter -->
<testsuite ignored="4" hostname="LTIN242691" failures="0" tests="20" name="Test" time="60.307" errors="0" timestamp="2024-03-12T08:42:04 IST">
  <testcase classname="TestNg.CarwashingServices" name="visit_on_the_justdial_page" time="4.871"/>
  <testcase classname="TestNg.CarwashingServices" name="validate_the_title_of_the_webpage" time="0.058"/>
  <testcase classname="TestNg.CarwashingServices" name="enter_the_nearest_location" time="0.356"/>
  <testcase classname="TestNg.CarwashingServices" name="give_the_proper_data_and_search" time="0.735"/>
  <testcase classname="TestNg.CarwashingServices" name="click_on_the_apply_filter_button" time="1.419"/>
  <testcase classname="TestNg.CarwashingServices" name="applying_the_filter_as_per_description" time="1.199"/>
  <testcase classname="TestNg.CarwashingServices" name="getting_the_all_car_washing_service_provider_details" time="24.598"/>
  <testcase classname="TestNg.FreelistingScenario" name="user_visit_on_the_justdial_home_page" time="0.001"/>
  <testcase classname="TestNg.FreelistingScenario" name="enter_the_near_by_location" time="0.207"/>
  <testcase classname="TestNg.FreelistingScenario" name="user_click_on_the_free_listing_button" time="2.473"/>
  <testcase classname="TestNg.FreelistingScenario" name="validate_the_free_listing_webpage" time="0.021"/>
  <testcase classname="TestNg.FreelistingScenario" name="user_enter_the_wrong_number" time="0.076"/>
  <testcase classname="TestNg.FreelistingScenario" name="click_on_the_start_now_button" time="0.067"/>
  <testcase classname="TestNg.FreelistingScenario" name="validating_the_error_message" time="1.176"/>
  <testcase classname="TestNg.Gym" name="Homepage" time="0.001"/>
  <testcase classname="TestNg.Gym" name="location" time="0.803"/>
  <testcase classname="TestNg.Gym" name="scrollto" time="0.029"/>
  <testcase classname="TestNg.Gym" name="click_on_the_gym_button" time="0.093"/>
  <testcase classname="TestNg.Gym" name="store_the_list_of_submenu_and_display" time="1.444"/>
  <testcase classname="TestNg.Gym" name="display_all_the_submenu_content" time="2.659"/>
  <testcase classname="factory.testngBase" name="@AfterTest tearDown" time="0.0">
    <ignored/>
  </testcase> <!-- @AfterTest tearDown -->
  <testcase classname="factory.testngBase" name="@AfterTest tearDown" time="0.0">
    <ignored/>
  </testcase> <!-- @AfterTest tearDown -->
  <testcase classname="factory.testngBase" name="@BeforeTest setup" time="0.0">
    <ignored/>
  </testcase> <!-- @BeforeTest setup -->
  <testcase classname="factory.testngBase" name="@BeforeTest setup" time="0.0">
    <ignored/>
  </testcase> <!-- @BeforeTest setup -->
</testsuite> <!-- Test -->
