<?xml version="1.0" encoding="UTF-8"?>
<testng-results ignored="4" total="24" passed="20" failed="0" skipped="0">
  <reporter-output>
  </reporter-output>
  <suite started-at="2024-03-12T08:41:03 IST" name="Suite" finished-at="2024-03-12T08:42:04 IST" duration-ms="60307">
    <groups>
      <group name="regression">
        <method signature="CarwashingServices.applying_the_filter_as_per_description()[pri:6, instance:TestNg.CarwashingServices@4145bad8]" name="applying_the_filter_as_per_description" class="TestNg.CarwashingServices"/>
        <method signature="CarwashingServices.click_on_the_apply_filter_button()[pri:5, instance:TestNg.CarwashingServices@4145bad8]" name="click_on_the_apply_filter_button" class="TestNg.CarwashingServices"/>
        <method signature="CarwashingServices.enter_the_nearest_location()[pri:3, instance:TestNg.CarwashingServices@4145bad8]" name="enter_the_nearest_location" class="TestNg.CarwashingServices"/>
        <method signature="CarwashingServices.getting_the_all_car_washing_service_provider_details()[pri:7, instance:TestNg.CarwashingServices@4145bad8]" name="getting_the_all_car_washing_service_provider_details" class="TestNg.CarwashingServices"/>
        <method signature="CarwashingServices.give_the_proper_data_and_search()[pri:4, instance:TestNg.CarwashingServices@4145bad8]" name="give_the_proper_data_and_search" class="TestNg.CarwashingServices"/>
        <method signature="CarwashingServices.visit_on_the_justdial_page()[pri:1, instance:TestNg.CarwashingServices@4145bad8]" name="visit_on_the_justdial_page" class="TestNg.CarwashingServices"/>
        <method signature="FreelistingScenario.click_on_the_start_now_button()[pri:6, instance:TestNg.FreelistingScenario@46cdf8bd]" name="click_on_the_start_now_button" class="TestNg.FreelistingScenario"/>
        <method signature="FreelistingScenario.enter_the_near_by_location()[pri:2, instance:TestNg.FreelistingScenario@46cdf8bd]" name="enter_the_near_by_location" class="TestNg.FreelistingScenario"/>
        <method signature="FreelistingScenario.user_click_on_the_free_listing_button()[pri:3, instance:TestNg.FreelistingScenario@46cdf8bd]" name="user_click_on_the_free_listing_button" class="TestNg.FreelistingScenario"/>
        <method signature="FreelistingScenario.user_enter_the_wrong_number()[pri:5, instance:TestNg.FreelistingScenario@46cdf8bd]" name="user_enter_the_wrong_number" class="TestNg.FreelistingScenario"/>
        <method signature="FreelistingScenario.user_visit_on_the_justdial_home_page()[pri:1, instance:TestNg.FreelistingScenario@46cdf8bd]" name="user_visit_on_the_justdial_home_page" class="TestNg.FreelistingScenario"/>
        <method signature="FreelistingScenario.validating_the_error_message()[pri:7, instance:TestNg.FreelistingScenario@46cdf8bd]" name="validating_the_error_message" class="TestNg.FreelistingScenario"/>
        <method signature="Gym.Homepage()[pri:1, instance:TestNg.Gym@f0c8a99]" name="Homepage" class="TestNg.Gym"/>
        <method signature="Gym.click_on_the_gym_button()[pri:5, instance:TestNg.Gym@f0c8a99]" name="click_on_the_gym_button" class="TestNg.Gym"/>
        <method signature="Gym.display_all_the_submenu_content()[pri:7, instance:TestNg.Gym@f0c8a99]" name="display_all_the_submenu_content" class="TestNg.Gym"/>
        <method signature="Gym.location()[pri:3, instance:TestNg.Gym@f0c8a99]" name="location" class="TestNg.Gym"/>
        <method signature="Gym.scrollto()[pri:4, instance:TestNg.Gym@f0c8a99]" name="scrollto" class="TestNg.Gym"/>
        <method signature="Gym.store_the_list_of_submenu_and_display()[pri:6, instance:TestNg.Gym@f0c8a99]" name="store_the_list_of_submenu_and_display" class="TestNg.Gym"/>
      </group> <!-- regression -->
      <group name="smoke">
        <method signature="CarwashingServices.applying_the_filter_as_per_description()[pri:6, instance:TestNg.CarwashingServices@4145bad8]" name="applying_the_filter_as_per_description" class="TestNg.CarwashingServices"/>
        <method signature="CarwashingServices.click_on_the_apply_filter_button()[pri:5, instance:TestNg.CarwashingServices@4145bad8]" name="click_on_the_apply_filter_button" class="TestNg.CarwashingServices"/>
        <method signature="CarwashingServices.give_the_proper_data_and_search()[pri:4, instance:TestNg.CarwashingServices@4145bad8]" name="give_the_proper_data_and_search" class="TestNg.CarwashingServices"/>
        <method signature="CarwashingServices.validate_the_title_of_the_webpage()[pri:2, instance:TestNg.CarwashingServices@4145bad8]" name="validate_the_title_of_the_webpage" class="TestNg.CarwashingServices"/>
        <method signature="CarwashingServices.visit_on_the_justdial_page()[pri:1, instance:TestNg.CarwashingServices@4145bad8]" name="visit_on_the_justdial_page" class="TestNg.CarwashingServices"/>
        <method signature="FreelistingScenario.user_click_on_the_free_listing_button()[pri:3, instance:TestNg.FreelistingScenario@46cdf8bd]" name="user_click_on_the_free_listing_button" class="TestNg.FreelistingScenario"/>
        <method signature="FreelistingScenario.user_visit_on_the_justdial_home_page()[pri:1, instance:TestNg.FreelistingScenario@46cdf8bd]" name="user_visit_on_the_justdial_home_page" class="TestNg.FreelistingScenario"/>
        <method signature="FreelistingScenario.validate_the_free_listing_webpage()[pri:4, instance:TestNg.FreelistingScenario@46cdf8bd]" name="validate_the_free_listing_webpage" class="TestNg.FreelistingScenario"/>
        <method signature="Gym.Homepage()[pri:1, instance:TestNg.Gym@f0c8a99]" name="Homepage" class="TestNg.Gym"/>
        <method signature="Gym.click_on_the_gym_button()[pri:5, instance:TestNg.Gym@f0c8a99]" name="click_on_the_gym_button" class="TestNg.Gym"/>
        <method signature="Gym.scrollto()[pri:4, instance:TestNg.Gym@f0c8a99]" name="scrollto" class="TestNg.Gym"/>
      </group> <!-- smoke -->
    </groups>
    <test started-at="2024-03-12T08:41:03 IST" name="Test" finished-at="2024-03-12T08:42:04 IST" duration-ms="60307">
      <class name="TestNg.Gym">
        <test-method signature="Homepage()[pri:1, instance:TestNg.Gym@f0c8a99]" started-at="2024-03-12T08:41:55 IST" name="Homepage" finished-at="2024-03-12T08:41:55 IST" duration-ms="1" status="PASS">
          <reporter-output>
          </reporter-output>
        </test-method> <!-- Homepage -->
        <test-method signature="location()[pri:3, instance:TestNg.Gym@f0c8a99]" started-at="2024-03-12T08:41:56 IST" name="location" finished-at="2024-03-12T08:41:56 IST" duration-ms="803" status="PASS">
          <reporter-output>
          </reporter-output>
        </test-method> <!-- location -->
        <test-method signature="scrollto()[pri:4, instance:TestNg.Gym@f0c8a99]" started-at="2024-03-12T08:41:57 IST" name="scrollto" finished-at="2024-03-12T08:41:57 IST" duration-ms="29" status="PASS">
          <reporter-output>
          </reporter-output>
        </test-method> <!-- scrollto -->
        <test-method signature="click_on_the_gym_button()[pri:5, instance:TestNg.Gym@f0c8a99]" started-at="2024-03-12T08:41:57 IST" name="click_on_the_gym_button" finished-at="2024-03-12T08:41:57 IST" duration-ms="93" status="PASS">
          <reporter-output>
          </reporter-output>
        </test-method> <!-- click_on_the_gym_button -->
        <test-method signature="store_the_list_of_submenu_and_display()[pri:6, instance:TestNg.Gym@f0c8a99]" started-at="2024-03-12T08:41:58 IST" name="store_the_list_of_submenu_and_display" finished-at="2024-03-12T08:41:59 IST" duration-ms="1444" status="PASS">
          <reporter-output>
          </reporter-output>
        </test-method> <!-- store_the_list_of_submenu_and_display -->
        <test-method signature="display_all_the_submenu_content()[pri:7, instance:TestNg.Gym@f0c8a99]" started-at="2024-03-12T08:41:59 IST" name="display_all_the_submenu_content" finished-at="2024-03-12T08:42:02 IST" duration-ms="2659" status="PASS">
          <reporter-output>
          </reporter-output>
        </test-method> <!-- display_all_the_submenu_content -->
      </class> <!-- TestNg.Gym -->
      <class name="TestNg.FreelistingScenario">
        <test-method signature="user_visit_on_the_justdial_home_page()[pri:1, instance:TestNg.FreelistingScenario@46cdf8bd]" started-at="2024-03-12T08:41:49 IST" name="user_visit_on_the_justdial_home_page" finished-at="2024-03-12T08:41:49 IST" duration-ms="1" status="PASS">
          <reporter-output>
          </reporter-output>
        </test-method> <!-- user_visit_on_the_justdial_home_page -->
        <test-method signature="enter_the_near_by_location()[pri:2, instance:TestNg.FreelistingScenario@46cdf8bd]" started-at="2024-03-12T08:41:49 IST" name="enter_the_near_by_location" finished-at="2024-03-12T08:41:50 IST" duration-ms="207" status="PASS">
          <reporter-output>
          </reporter-output>
        </test-method> <!-- enter_the_near_by_location -->
        <test-method signature="user_click_on_the_free_listing_button()[pri:3, instance:TestNg.FreelistingScenario@46cdf8bd]" started-at="2024-03-12T08:41:50 IST" name="user_click_on_the_free_listing_button" finished-at="2024-03-12T08:41:52 IST" duration-ms="2473" status="PASS">
          <reporter-output>
          </reporter-output>
        </test-method> <!-- user_click_on_the_free_listing_button -->
        <test-method signature="validate_the_free_listing_webpage()[pri:4, instance:TestNg.FreelistingScenario@46cdf8bd]" started-at="2024-03-12T08:41:53 IST" name="validate_the_free_listing_webpage" finished-at="2024-03-12T08:41:53 IST" duration-ms="21" status="PASS">
          <reporter-output>
          </reporter-output>
        </test-method> <!-- validate_the_free_listing_webpage -->
        <test-method signature="user_enter_the_wrong_number()[pri:5, instance:TestNg.FreelistingScenario@46cdf8bd]" started-at="2024-03-12T08:41:53 IST" name="user_enter_the_wrong_number" finished-at="2024-03-12T08:41:53 IST" duration-ms="76" status="PASS">
          <reporter-output>
          </reporter-output>
        </test-method> <!-- user_enter_the_wrong_number -->
        <test-method signature="click_on_the_start_now_button()[pri:6, instance:TestNg.FreelistingScenario@46cdf8bd]" started-at="2024-03-12T08:41:53 IST" name="click_on_the_start_now_button" finished-at="2024-03-12T08:41:53 IST" duration-ms="67" status="PASS">
          <reporter-output>
          </reporter-output>
        </test-method> <!-- click_on_the_start_now_button -->
        <test-method signature="validating_the_error_message()[pri:7, instance:TestNg.FreelistingScenario@46cdf8bd]" started-at="2024-03-12T08:41:54 IST" name="validating_the_error_message" finished-at="2024-03-12T08:41:55 IST" duration-ms="1176" status="PASS">
          <reporter-output>
          </reporter-output>
        </test-method> <!-- validating_the_error_message -->
      </class> <!-- TestNg.FreelistingScenario -->
      <class name="TestNg.CarwashingServices">
        <test-method is-config="true" signature="setup(java.lang.String)[pri:0, instance:TestNg.CarwashingServices@4145bad8]" started-at="2024-03-12T08:41:04 IST" name="setup" finished-at="2024-03-12T08:41:13 IST" duration-ms="8965" status="PASS">
          <params>
            <param index="0">
              <value>
                <![CDATA[chrome]]>
              </value>
            </param>
          </params>
          <reporter-output>
          </reporter-output>
        </test-method> <!-- setup -->
        <test-method signature="visit_on_the_justdial_page()[pri:1, instance:TestNg.CarwashingServices@4145bad8]" started-at="2024-03-12T08:41:13 IST" name="visit_on_the_justdial_page" finished-at="2024-03-12T08:41:18 IST" duration-ms="4871" status="PASS">
          <reporter-output>
          </reporter-output>
        </test-method> <!-- visit_on_the_justdial_page -->
        <test-method signature="validate_the_title_of_the_webpage()[pri:2, instance:TestNg.CarwashingServices@4145bad8]" started-at="2024-03-12T08:41:18 IST" name="validate_the_title_of_the_webpage" finished-at="2024-03-12T08:41:18 IST" duration-ms="58" status="PASS">
          <reporter-output>
          </reporter-output>
        </test-method> <!-- validate_the_title_of_the_webpage -->
        <test-method signature="enter_the_nearest_location()[pri:3, instance:TestNg.CarwashingServices@4145bad8]" started-at="2024-03-12T08:41:19 IST" name="enter_the_nearest_location" finished-at="2024-03-12T08:41:19 IST" duration-ms="356" status="PASS">
          <reporter-output>
          </reporter-output>
        </test-method> <!-- enter_the_nearest_location -->
        <test-method signature="give_the_proper_data_and_search()[pri:4, instance:TestNg.CarwashingServices@4145bad8]" started-at="2024-03-12T08:41:20 IST" name="give_the_proper_data_and_search" finished-at="2024-03-12T08:41:20 IST" duration-ms="735" status="PASS">
          <reporter-output>
          </reporter-output>
        </test-method> <!-- give_the_proper_data_and_search -->
        <test-method signature="click_on_the_apply_filter_button()[pri:5, instance:TestNg.CarwashingServices@4145bad8]" started-at="2024-03-12T08:41:21 IST" name="click_on_the_apply_filter_button" finished-at="2024-03-12T08:41:22 IST" duration-ms="1419" status="PASS">
          <reporter-output>
          </reporter-output>
        </test-method> <!-- click_on_the_apply_filter_button -->
        <test-method signature="applying_the_filter_as_per_description()[pri:6, instance:TestNg.CarwashingServices@4145bad8]" started-at="2024-03-12T08:41:23 IST" name="applying_the_filter_as_per_description" finished-at="2024-03-12T08:41:24 IST" duration-ms="1199" status="PASS">
          <reporter-output>
          </reporter-output>
        </test-method> <!-- applying_the_filter_as_per_description -->
        <test-method signature="getting_the_all_car_washing_service_provider_details()[pri:7, instance:TestNg.CarwashingServices@4145bad8]" started-at="2024-03-12T08:41:24 IST" name="getting_the_all_car_washing_service_provider_details" finished-at="2024-03-12T08:41:49 IST" duration-ms="24598" status="PASS">
          <reporter-output>
          </reporter-output>
        </test-method> <!-- getting_the_all_car_washing_service_provider_details -->
        <test-method is-config="true" signature="tearDown()[pri:0, instance:TestNg.CarwashingServices@4145bad8]" started-at="2024-03-12T08:42:02 IST" name="tearDown" finished-at="2024-03-12T08:42:04 IST" duration-ms="1266" status="PASS">
          <reporter-output>
          </reporter-output>
        </test-method> <!-- tearDown -->
      </class> <!-- TestNg.CarwashingServices -->
    </test> <!-- Test -->
  </suite> <!-- Suite -->
</testng-results>
