<?xml version="1.0" encoding="UTF-8"?>
<testng-results ignored="4" total="24" passed="20" failed="0" skipped="0">
  <reporter-output>
  </reporter-output>
  <suite started-at="2024-02-29T16:25:02 IST" name="Suite" finished-at="2024-02-29T16:26:42 IST" duration-ms="100089">
    <groups>
      <group name="regression">
        <method signature="CarwashingServices.applying_the_filter_as_per_description()[pri:6, instance:TestNg.CarwashingServices@1ed4ae0f]" name="applying_the_filter_as_per_description" class="TestNg.CarwashingServices"/>
        <method signature="CarwashingServices.click_on_the_apply_filter_button()[pri:5, instance:TestNg.CarwashingServices@1ed4ae0f]" name="click_on_the_apply_filter_button" class="TestNg.CarwashingServices"/>
        <method signature="CarwashingServices.enter_the_nearest_location()[pri:3, instance:TestNg.CarwashingServices@1ed4ae0f]" name="enter_the_nearest_location" class="TestNg.CarwashingServices"/>
        <method signature="CarwashingServices.getting_the_all_car_washing_service_provider_details()[pri:7, instance:TestNg.CarwashingServices@1ed4ae0f]" name="getting_the_all_car_washing_service_provider_details" class="TestNg.CarwashingServices"/>
        <method signature="CarwashingServices.give_the_proper_data_and_search()[pri:4, instance:TestNg.CarwashingServices@1ed4ae0f]" name="give_the_proper_data_and_search" class="TestNg.CarwashingServices"/>
        <method signature="CarwashingServices.visit_on_the_justdial_page()[pri:1, instance:TestNg.CarwashingServices@1ed4ae0f]" name="visit_on_the_justdial_page" class="TestNg.CarwashingServices"/>
        <method signature="FreelistingScenario.click_on_the_start_now_button()[pri:6, instance:TestNg.FreelistingScenario@1530c739]" name="click_on_the_start_now_button" class="TestNg.FreelistingScenario"/>
        <method signature="FreelistingScenario.enter_the_near_by_location()[pri:2, instance:TestNg.FreelistingScenario@1530c739]" name="enter_the_near_by_location" class="TestNg.FreelistingScenario"/>
        <method signature="FreelistingScenario.user_click_on_the_free_listing_button()[pri:3, instance:TestNg.FreelistingScenario@1530c739]" name="user_click_on_the_free_listing_button" class="TestNg.FreelistingScenario"/>
        <method signature="FreelistingScenario.user_enter_the_wrong_number()[pri:5, instance:TestNg.FreelistingScenario@1530c739]" name="user_enter_the_wrong_number" class="TestNg.FreelistingScenario"/>
        <method signature="FreelistingScenario.user_visit_on_the_justdial_home_page()[pri:1, instance:TestNg.FreelistingScenario@1530c739]" name="user_visit_on_the_justdial_home_page" class="TestNg.FreelistingScenario"/>
        <method signature="FreelistingScenario.validating_the_error_message()[pri:7, instance:TestNg.FreelistingScenario@1530c739]" name="validating_the_error_message" class="TestNg.FreelistingScenario"/>
        <method signature="Gym.Homepage()[pri:1, instance:TestNg.Gym@5b1669c0]" name="Homepage" class="TestNg.Gym"/>
        <method signature="Gym.click_on_the_gym_button()[pri:5, instance:TestNg.Gym@5b1669c0]" name="click_on_the_gym_button" class="TestNg.Gym"/>
        <method signature="Gym.display_all_the_submenu_content()[pri:7, instance:TestNg.Gym@5b1669c0]" name="display_all_the_submenu_content" class="TestNg.Gym"/>
        <method signature="Gym.location()[pri:3, instance:TestNg.Gym@5b1669c0]" name="location" class="TestNg.Gym"/>
        <method signature="Gym.scrollto()[pri:4, instance:TestNg.Gym@5b1669c0]" name="scrollto" class="TestNg.Gym"/>
        <method signature="Gym.store_the_list_of_submenu_and_display()[pri:6, instance:TestNg.Gym@5b1669c0]" name="store_the_list_of_submenu_and_display" class="TestNg.Gym"/>
      </group> <!-- regression -->
      <group name="smoke">
        <method signature="CarwashingServices.applying_the_filter_as_per_description()[pri:6, instance:TestNg.CarwashingServices@1ed4ae0f]" name="applying_the_filter_as_per_description" class="TestNg.CarwashingServices"/>
        <method signature="CarwashingServices.click_on_the_apply_filter_button()[pri:5, instance:TestNg.CarwashingServices@1ed4ae0f]" name="click_on_the_apply_filter_button" class="TestNg.CarwashingServices"/>
        <method signature="CarwashingServices.give_the_proper_data_and_search()[pri:4, instance:TestNg.CarwashingServices@1ed4ae0f]" name="give_the_proper_data_and_search" class="TestNg.CarwashingServices"/>
        <method signature="CarwashingServices.validate_the_title_of_the_webpage()[pri:2, instance:TestNg.CarwashingServices@1ed4ae0f]" name="validate_the_title_of_the_webpage" class="TestNg.CarwashingServices"/>
        <method signature="CarwashingServices.visit_on_the_justdial_page()[pri:1, instance:TestNg.CarwashingServices@1ed4ae0f]" name="visit_on_the_justdial_page" class="TestNg.CarwashingServices"/>
        <method signature="FreelistingScenario.user_click_on_the_free_listing_button()[pri:3, instance:TestNg.FreelistingScenario@1530c739]" name="user_click_on_the_free_listing_button" class="TestNg.FreelistingScenario"/>
        <method signature="FreelistingScenario.user_visit_on_the_justdial_home_page()[pri:1, instance:TestNg.FreelistingScenario@1530c739]" name="user_visit_on_the_justdial_home_page" class="TestNg.FreelistingScenario"/>
        <method signature="FreelistingScenario.validate_the_free_listing_webpage()[pri:4, instance:TestNg.FreelistingScenario@1530c739]" name="validate_the_free_listing_webpage" class="TestNg.FreelistingScenario"/>
        <method signature="Gym.Homepage()[pri:1, instance:TestNg.Gym@5b1669c0]" name="Homepage" class="TestNg.Gym"/>
        <method signature="Gym.click_on_the_gym_button()[pri:5, instance:TestNg.Gym@5b1669c0]" name="click_on_the_gym_button" class="TestNg.Gym"/>
        <method signature="Gym.scrollto()[pri:4, instance:TestNg.Gym@5b1669c0]" name="scrollto" class="TestNg.Gym"/>
      </group> <!-- smoke -->
    </groups>
    <test started-at="2024-02-29T16:25:02 IST" name="Test" finished-at="2024-02-29T16:26:42 IST" duration-ms="100089">
      <class name="TestNg.Gym">
        <test-method signature="Homepage()[pri:1, instance:TestNg.Gym@5b1669c0]" started-at="2024-02-29T16:26:35 IST" name="Homepage" finished-at="2024-02-29T16:26:35 IST" duration-ms="1" status="PASS">
          <reporter-output>
          </reporter-output>
        </test-method> <!-- Homepage -->
        <test-method signature="location()[pri:3, instance:TestNg.Gym@5b1669c0]" started-at="2024-02-29T16:26:35 IST" name="location" finished-at="2024-02-29T16:26:36 IST" duration-ms="308" status="PASS">
          <reporter-output>
          </reporter-output>
        </test-method> <!-- location -->
        <test-method signature="scrollto()[pri:4, instance:TestNg.Gym@5b1669c0]" started-at="2024-02-29T16:26:36 IST" name="scrollto" finished-at="2024-02-29T16:26:36 IST" duration-ms="30" status="PASS">
          <reporter-output>
          </reporter-output>
        </test-method> <!-- scrollto -->
        <test-method signature="click_on_the_gym_button()[pri:5, instance:TestNg.Gym@5b1669c0]" started-at="2024-02-29T16:26:36 IST" name="click_on_the_gym_button" finished-at="2024-02-29T16:26:36 IST" duration-ms="93" status="PASS">
          <reporter-output>
          </reporter-output>
        </test-method> <!-- click_on_the_gym_button -->
        <test-method signature="store_the_list_of_submenu_and_display()[pri:6, instance:TestNg.Gym@5b1669c0]" started-at="2024-02-29T16:26:37 IST" name="store_the_list_of_submenu_and_display" finished-at="2024-02-29T16:26:38 IST" duration-ms="1368" status="PASS">
          <reporter-output>
          </reporter-output>
        </test-method> <!-- store_the_list_of_submenu_and_display -->
        <test-method signature="display_all_the_submenu_content()[pri:7, instance:TestNg.Gym@5b1669c0]" started-at="2024-02-29T16:26:38 IST" name="display_all_the_submenu_content" finished-at="2024-02-29T16:26:41 IST" duration-ms="2605" status="PASS">
          <reporter-output>
          </reporter-output>
        </test-method> <!-- display_all_the_submenu_content -->
      </class> <!-- TestNg.Gym -->
      <class name="TestNg.FreelistingScenario">
        <test-method signature="user_visit_on_the_justdial_home_page()[pri:1, instance:TestNg.FreelistingScenario@1530c739]" started-at="2024-02-29T16:26:21 IST" name="user_visit_on_the_justdial_home_page" finished-at="2024-02-29T16:26:21 IST" duration-ms="2" status="PASS">
          <reporter-output>
          </reporter-output>
        </test-method> <!-- user_visit_on_the_justdial_home_page -->
        <test-method signature="enter_the_near_by_location()[pri:2, instance:TestNg.FreelistingScenario@1530c739]" started-at="2024-02-29T16:26:22 IST" name="enter_the_near_by_location" finished-at="2024-02-29T16:26:22 IST" duration-ms="242" status="PASS">
          <reporter-output>
          </reporter-output>
        </test-method> <!-- enter_the_near_by_location -->
        <test-method signature="user_click_on_the_free_listing_button()[pri:3, instance:TestNg.FreelistingScenario@1530c739]" started-at="2024-02-29T16:26:22 IST" name="user_click_on_the_free_listing_button" finished-at="2024-02-29T16:26:25 IST" duration-ms="2904" status="PASS">
          <reporter-output>
          </reporter-output>
        </test-method> <!-- user_click_on_the_free_listing_button -->
        <test-method signature="validate_the_free_listing_webpage()[pri:4, instance:TestNg.FreelistingScenario@1530c739]" started-at="2024-02-29T16:26:25 IST" name="validate_the_free_listing_webpage" finished-at="2024-02-29T16:26:26 IST" duration-ms="14" status="PASS">
          <reporter-output>
          </reporter-output>
        </test-method> <!-- validate_the_free_listing_webpage -->
        <test-method signature="user_enter_the_wrong_number()[pri:5, instance:TestNg.FreelistingScenario@1530c739]" started-at="2024-02-29T16:26:26 IST" name="user_enter_the_wrong_number" finished-at="2024-02-29T16:26:26 IST" duration-ms="67" status="PASS">
          <reporter-output>
          </reporter-output>
        </test-method> <!-- user_enter_the_wrong_number -->
        <test-method signature="click_on_the_start_now_button()[pri:6, instance:TestNg.FreelistingScenario@1530c739]" started-at="2024-02-29T16:26:26 IST" name="click_on_the_start_now_button" finished-at="2024-02-29T16:26:26 IST" duration-ms="65" status="PASS">
          <reporter-output>
          </reporter-output>
        </test-method> <!-- click_on_the_start_now_button -->
        <test-method signature="validating_the_error_message()[pri:7, instance:TestNg.FreelistingScenario@1530c739]" started-at="2024-02-29T16:26:26 IST" name="validating_the_error_message" finished-at="2024-02-29T16:26:35 IST" duration-ms="8519" status="PASS">
          <reporter-output>
          </reporter-output>
        </test-method> <!-- validating_the_error_message -->
      </class> <!-- TestNg.FreelistingScenario -->
      <class name="TestNg.CarwashingServices">
        <test-method is-config="true" signature="setup(java.lang.String)[pri:0, instance:TestNg.CarwashingServices@1ed4ae0f]" started-at="2024-02-29T16:25:03 IST" name="setup" finished-at="2024-02-29T16:25:39 IST" duration-ms="36290" status="PASS">
          <params>
            <param index="0">
              <value>
                <![CDATA[chrome]]>
              </value>
            </param>
          </params>
          <reporter-output>
          </reporter-output>
        </test-method> <!-- setup -->
        <test-method signature="visit_on_the_justdial_page()[pri:1, instance:TestNg.CarwashingServices@1ed4ae0f]" started-at="2024-02-29T16:25:39 IST" name="visit_on_the_justdial_page" finished-at="2024-02-29T16:25:42 IST" duration-ms="3217" status="PASS">
          <reporter-output>
          </reporter-output>
        </test-method> <!-- visit_on_the_justdial_page -->
        <test-method signature="validate_the_title_of_the_webpage()[pri:2, instance:TestNg.CarwashingServices@1ed4ae0f]" started-at="2024-02-29T16:25:43 IST" name="validate_the_title_of_the_webpage" finished-at="2024-02-29T16:25:43 IST" duration-ms="13" status="PASS">
          <reporter-output>
          </reporter-output>
        </test-method> <!-- validate_the_title_of_the_webpage -->
        <test-method signature="enter_the_nearest_location()[pri:3, instance:TestNg.CarwashingServices@1ed4ae0f]" started-at="2024-02-29T16:25:43 IST" name="enter_the_nearest_location" finished-at="2024-02-29T16:25:43 IST" duration-ms="324" status="PASS">
          <reporter-output>
          </reporter-output>
        </test-method> <!-- enter_the_nearest_location -->
        <test-method signature="give_the_proper_data_and_search()[pri:4, instance:TestNg.CarwashingServices@1ed4ae0f]" started-at="2024-02-29T16:25:44 IST" name="give_the_proper_data_and_search" finished-at="2024-02-29T16:25:44 IST" duration-ms="454" status="PASS">
          <reporter-output>
          </reporter-output>
        </test-method> <!-- give_the_proper_data_and_search -->
        <test-method signature="click_on_the_apply_filter_button()[pri:5, instance:TestNg.CarwashingServices@1ed4ae0f]" started-at="2024-02-29T16:25:44 IST" name="click_on_the_apply_filter_button" finished-at="2024-02-29T16:25:46 IST" duration-ms="1095" status="PASS">
          <reporter-output>
          </reporter-output>
        </test-method> <!-- click_on_the_apply_filter_button -->
        <test-method signature="applying_the_filter_as_per_description()[pri:6, instance:TestNg.CarwashingServices@1ed4ae0f]" started-at="2024-02-29T16:25:46 IST" name="applying_the_filter_as_per_description" finished-at="2024-02-29T16:25:47 IST" duration-ms="1362" status="PASS">
          <reporter-output>
          </reporter-output>
        </test-method> <!-- applying_the_filter_as_per_description -->
        <test-method signature="getting_the_all_car_washing_service_provider_details()[pri:7, instance:TestNg.CarwashingServices@1ed4ae0f]" started-at="2024-02-29T16:25:47 IST" name="getting_the_all_car_washing_service_provider_details" finished-at="2024-02-29T16:26:21 IST" duration-ms="33657" status="PASS">
          <reporter-output>
          </reporter-output>
        </test-method> <!-- getting_the_all_car_washing_service_provider_details -->
        <test-method is-config="true" signature="tearDown()[pri:0, instance:TestNg.CarwashingServices@1ed4ae0f]" started-at="2024-02-29T16:26:41 IST" name="tearDown" finished-at="2024-02-29T16:26:42 IST" duration-ms="1150" status="PASS">
          <reporter-output>
          </reporter-output>
        </test-method> <!-- tearDown -->
      </class> <!-- TestNg.CarwashingServices -->
    </test> <!-- Test -->
  </suite> <!-- Suite -->
</testng-results>
