<?xml version="1.0" encoding="UTF-8"?>
<testng-results ignored="0" total="0" passed="0" failed="0" skipped="0">
  <reporter-output>
  </reporter-output>
  <suite started-at="2024-03-01T18:04:41 IST" name="Suite" finished-at="2024-03-01T18:04:41 IST" duration-ms="244">
    <groups>
      <group name="cucumber">
        <method signature="AbstractTestNGCucumberTests.runScenario(io.cucumber.testng.PickleWrapper,io.cucumber.testng.FeatureWrapper)[pri:0, instance:testrun.TestRunner@368247b9]" name="runScenario" class="io.cucumber.testng.AbstractTestNGCucumberTests"/>
      </group> <!-- cucumber -->
    </groups>
    <test started-at="2024-03-01T18:04:41 IST" name="Test" finished-at="2024-03-01T18:04:41 IST" duration-ms="244">
      <class name="testrun.TestRunner">
        <test-method is-config="true" signature="setUpClass(org.testng.ITestContext)[pri:0, instance:testrun.TestRunner@368247b9]" started-at="2024-03-01T18:04:41 IST" name="setUpClass" finished-at="2024-03-01T18:04:41 IST" duration-ms="218" status="PASS">
          <params>
            <param index="0">
              <value>
                <![CDATA[org.testng.TestRunner@72437d8d]]>
              </value>
            </param>
          </params>
          <reporter-output>
          </reporter-output>
        </test-method> <!-- setUpClass -->
        <test-method is-config="true" signature="tearDownClass()[pri:0, instance:testrun.TestRunner@368247b9]" started-at="2024-03-01T18:04:41 IST" name="tearDownClass" finished-at="2024-03-01T18:04:41 IST" duration-ms="3" status="PASS">
          <reporter-output>
          </reporter-output>
        </test-method> <!-- tearDownClass -->
      </class> <!-- testrun.TestRunner -->
    </test> <!-- Test -->
  </suite> <!-- Suite -->
</testng-results>
